(---------------------------------------------------------------------)
(                                                                     )
(    Create_devices LOG file                                          )
(                                                                     )
(    Drawing          : unnamed.brd                                   )
(    Software Version : 16.3p003                                      )
(    Date/Time        : Wed Mar 09 11:13:40 2011                      )
(                                                                     )
(---------------------------------------------------------------------)



Device file 'C:/Documents and Settings/ffywzq/Desktop/tmp/head_04_pin.txt': written successfully.
Device file 'C:/Documents and Settings/ffywzq/Desktop/tmp/jumper_th.txt': written successfully.
Device file 'C:/Documents and Settings/ffywzq/Desktop/tmp/to277a1.txt': written successfully.
Device file 'C:/Documents and Settings/ffywzq/Desktop/tmp/ssop4a.txt': written successfully.
Device file 'C:/Documents and Settings/ffywzq/Desktop/tmp/sm_r_2512.txt': written successfully.
Device file 'C:/Documents and Settings/ffywzq/Desktop/tmp/sm_r_1210.txt': written successfully.
Device file 'C:/Documents and Settings/ffywzq/Desktop/tmp/sm_r_1206.txt': written successfully.
Device file 'C:/Documents and Settings/ffywzq/Desktop/tmp/sm_r_0805.txt': written successfully.
Device file 'C:/Documents and Settings/ffywzq/Desktop/tmp/sm_r_0603.txt': written successfully.
Device file 'C:/Documents and Settings/ffywzq/Desktop/tmp/sm_l_0805.txt': written successfully.
Device file 'C:/Documents and Settings/ffywzq/Desktop/tmp/sot23_123.txt': written successfully.
Device file 'C:/Documents and Settings/ffywzq/Desktop/tmp/sod_323_ca.txt': written successfully.
Device file 'C:/Documents and Settings/ffywzq/Desktop/tmp/sod_123_ca.txt': written successfully.
Device file 'C:/Documents and Settings/ffywzq/Desktop/tmp/sm_c_1210.txt': written successfully.
Device file 'C:/Documents and Settings/ffywzq/Desktop/tmp/sm_c_1206.txt': written successfully.
Device file 'C:/Documents and Settings/ffywzq/Desktop/tmp/sm_c_0805.txt': written successfully.
Device file 'C:/Documents and Settings/ffywzq/Desktop/tmp/sm_c_0603.txt': written successfully.
